<html>
<head>
<title>TestNG:  Default test</title>
<link href="../testng.css" rel="stylesheet" type="text/css" />
<link href="../my-testng.css" rel="stylesheet" type="text/css" />

<style type="text/css">
.log { display: none;} 
.stack-trace { display: none;} 
</style>
<script type="text/javascript">
<!--
function flip(e) {
  current = e.style.display;
  if (current == 'block') {
    e.style.display = 'none';
    return 0;
  }
  else {
    e.style.display = 'block';
    return 1;
  }
}

function toggleBox(szDivId, elem, msg1, msg2)
{
  var res = -1;  if (document.getElementById) {
    res = flip(document.getElementById(szDivId));
  }
  else if (document.all) {
    // this is the way old msie versions work
    res = flip(document.all[szDivId]);
  }
  if(elem) {
    if(res == 0) elem.innerHTML = msg1; else elem.innerHTML = msg2;
  }

}

function toggleAllBoxes() {
  if (document.getElementsByTagName) {
    d = document.getElementsByTagName('div');
    for (i = 0; i < d.length; i++) {
      if (d[i].className == 'log') {
        flip(d[i]);
      }
    }
  }
}

// -->
</script>

</head>
<body>
<h2 align='center'>Default test</h2><table border='1' align="center">
<tr>
<td>Tests passed/Failed/Skipped:</td><td>0/1/0</td>
</tr><tr>
<td>Started on:</td><td>Mon Mar 04 12:29:56 GMT 2024</td>
</tr>
<tr><td>Total time:</td><td>214 seconds (214818 ms)</td>
</tr><tr>
<td>Included groups:</td><td></td>
</tr><tr>
<td>Excluded groups:</td><td></td>
</tr>
</table><p/>
<small><i>(Hover the method name to see the test class name)</i></small><p/>
<table width='100%' border='1' class='invocation-failed'>
<tr><td colspan='4' align='center'><b>FAILED TESTS</b></td></tr>
<tr><td><b>Test method</b></td>
<td><b>Attribute(s)</b></td>
<td width="30%"><b>Exception</b></td>
<td width="10%"><b>Time (seconds)</b></td>
<td><b>Instance</b></td>
</tr>
<tr>
<td title='com.sat.TestRunner.TestRunner.runScenario()'><b>runScenario</b><br>Test class: com.sat.TestRunner.TestRunner<br>Test method: Runs Cucumber Scenarios<br>Parameters: "Test to create NEA list record", "Optional[Testing Login Functionality]"</td>
<td><div><pre>org.openqa.selenium.ElementClickInterceptedException: element click intercepted: Element &lt;button id=&quot;msdyn_workorder|NoRelationship|Form|Mscrm.SaveAndClosePrimary116-button&quot; aria-label=&quot;Save &amp;amp; Close&quot; aria-describedby=&quot;id-8647&quot; role=&quot;menuitem&quot; title=&quot;Save &amp;amp; Close

Save and close this Work Order.&quot; tabindex=&quot;-1&quot; data-id=&quot;msdyn_workorder|NoRelationship|Form|Mscrm.Form.msdyn_workorder.SaveAndClose&quot; data-lp-id=&quot;Form:msdyn_workorder-msdyn_workorder|NoRelationship|Form|Mscrm.Form.msdyn_workorder.SaveAndClose&quot; type=&quot;button&quot; class=&quot;pa-aw pa-ie pa-if pa-hy pa-cp pa-bo pa-il pa-p pa-iq pa-ir flexbox&quot;&gt;...&lt;/button&gt; is not clickable at point (424, 68). Other element would receive the click: &lt;img src=&quot;https://content.powerapps.com/resource/uci-infra/resources/images/PageBlock.a0c742e10064ee8c30d58c111947f54f.svg&quot; alt=&quot;Deactivate&quot; title=&quot;Deactivate&quot; class=&quot;pa-im pa-cy pa-ds pa-cz pa-is &quot;&gt;
  (Session info: chrome=122.0.6261.95)
Build info: version: &apos;4.15.0&apos;, revision: &apos;1d14b5521b&apos;
System info: os.name: &apos;Windows Server 2022&apos;, os.arch: &apos;amd64&apos;, os.version: &apos;10.0&apos;, java.version: &apos;11.0.20&apos;
Driver info: org.openqa.selenium.chrome.ChromeDriver
Command: [e7d499a8f8e97217355ed1b75c5598fd, clickElement {id=f.1CAB82C78B22548EF79B71A1D9A17845.d.F8F5C1B20A3B8935545A6A2AF4AE8E12.e.2988}]
Capabilities {acceptInsecureCerts: false, browserName: chrome, browserVersion: 122.0.6261.95, chrome: {chromedriverVersion: 122.0.6261.94 (880dbf29479c..., userDataDir: C:\Users\SRISWA~1.NUL\AppDa...}, fedcm:accounts: true, goog:chromeOptions: {debuggerAddress: localhost:53260}, networkConnectionEnabled: false, pageLoadStrategy: normal, platformName: windows, proxy: Proxy(), se:cdp: ws://localhost:53260/devtoo..., se:cdpVersion: 122.0.6261.95, setWindowRect: true, strictFileInteractability: false, timeouts: {implicit: 0, pageLoad: 300000, script: 30000}, unhandledPromptBehavior: dismiss and notify, webauthn:extension:credBlob: true, webauthn:extension:largeBlob: true, webauthn:extension:minPinLength: true, webauthn:extension:prf: true, webauthn:virtualAuthenticators: true}
Element: [[ChromeDriver: chrome on windows (e7d499a8f8e97217355ed1b75c5598fd)] -&gt; xpath: //button[@aria-label=&apos;Save &amp; Close&apos;]]
Session ID: e7d499a8f8e97217355ed1b75c5598fd
	at java.base/jdk.internal.reflect.NativeConstructorAccessorImpl.newInstance0(Native Method)
	at java.base/jdk.internal.reflect.NativeConstructorAccessorImpl.newInstance(NativeConstructorAccessorImpl.java:62)
	at java.base/jdk.internal.reflect.DelegatingConstructorAccessorImpl.newInstance(DelegatingConstructorAccessorImpl.java:45)
	at java.base/java.lang.reflect.Constructor.newInstance(Constructor.java:490)
	at org.openqa.selenium.remote.codec.w3c.W3CHttpResponseCodec.createException(W3CHttpResponseCodec.java:200)
	at org.openqa.selenium.remote.codec.w3c.W3CHttpResponseCodec.decode(W3CHttpResponseCodec.java:133)
	at org.openqa.selenium.remote.codec.w3c.W3CHttpResponseCodec.decode(W3CHttpResponseCodec.java:52)
	at org.openqa.selenium.remote.HttpCommandExecutor.execute(HttpCommandExecutor.java:191)
	at org.openqa.selenium.remote.service.DriverCommandExecutor.invokeExecute(DriverCommandExecutor.java:200)
	at org.openqa.selenium.remote.service.DriverCommandExecutor.execute(DriverCommandExecutor.java:175)
	at org.openqa.selenium.remote.RemoteWebDriver.execute(RemoteWebDriver.java:607)
	at org.openqa.selenium.remote.RemoteWebElement.execute(RemoteWebElement.java:224)
	at org.openqa.selenium.remote.RemoteWebElement.click(RemoteWebElement.java:77)
	at com.sat.testUtil.ElementUtil.doClick(ElementUtil.java:94)
	at com.sat.Pages.CasecreationPage.workOrderValidation(CasecreationPage.java:636)
	at com.sat.StepDefinitions.GWComplaintStepdefs.fill_the_details_in_Bookings_section(GWComplaintStepdefs.java:81)
	at ✽.fill the details in Bookings section(file:///C:/Users/sriswathianusha.nulu/newworkspace/AutomationFramework-main/src/test/resources/com.sat.Features/GWComplaint.feature:25)
</pre></div><a href='#' onClick='toggleBox("stack-trace1686632440", this, "Click to show all stack frames", "Click to hide stack frames")'>Click to show all stack frames</a>
<div class='stack-trace' id='stack-trace1686632440'><pre>org.openqa.selenium.ElementClickInterceptedException: element click intercepted: Element &lt;button id=&quot;msdyn_workorder|NoRelationship|Form|Mscrm.SaveAndClosePrimary116-button&quot; aria-label=&quot;Save &amp;amp; Close&quot; aria-describedby=&quot;id-8647&quot; role=&quot;menuitem&quot; title=&quot;Save &amp;amp; Close

Save and close this Work Order.&quot; tabindex=&quot;-1&quot; data-id=&quot;msdyn_workorder|NoRelationship|Form|Mscrm.Form.msdyn_workorder.SaveAndClose&quot; data-lp-id=&quot;Form:msdyn_workorder-msdyn_workorder|NoRelationship|Form|Mscrm.Form.msdyn_workorder.SaveAndClose&quot; type=&quot;button&quot; class=&quot;pa-aw pa-ie pa-if pa-hy pa-cp pa-bo pa-il pa-p pa-iq pa-ir flexbox&quot;&gt;...&lt;/button&gt; is not clickable at point (424, 68). Other element would receive the click: &lt;img src=&quot;https://content.powerapps.com/resource/uci-infra/resources/images/PageBlock.a0c742e10064ee8c30d58c111947f54f.svg&quot; alt=&quot;Deactivate&quot; title=&quot;Deactivate&quot; class=&quot;pa-im pa-cy pa-ds pa-cz pa-is &quot;&gt;
  (Session info: chrome=122.0.6261.95)
Build info: version: &apos;4.15.0&apos;, revision: &apos;1d14b5521b&apos;
System info: os.name: &apos;Windows Server 2022&apos;, os.arch: &apos;amd64&apos;, os.version: &apos;10.0&apos;, java.version: &apos;11.0.20&apos;
Driver info: org.openqa.selenium.chrome.ChromeDriver
Command: [e7d499a8f8e97217355ed1b75c5598fd, clickElement {id=f.1CAB82C78B22548EF79B71A1D9A17845.d.F8F5C1B20A3B8935545A6A2AF4AE8E12.e.2988}]
Capabilities {acceptInsecureCerts: false, browserName: chrome, browserVersion: 122.0.6261.95, chrome: {chromedriverVersion: 122.0.6261.94 (880dbf29479c..., userDataDir: C:\Users\SRISWA~1.NUL\AppDa...}, fedcm:accounts: true, goog:chromeOptions: {debuggerAddress: localhost:53260}, networkConnectionEnabled: false, pageLoadStrategy: normal, platformName: windows, proxy: Proxy(), se:cdp: ws://localhost:53260/devtoo..., se:cdpVersion: 122.0.6261.95, setWindowRect: true, strictFileInteractability: false, timeouts: {implicit: 0, pageLoad: 300000, script: 30000}, unhandledPromptBehavior: dismiss and notify, webauthn:extension:credBlob: true, webauthn:extension:largeBlob: true, webauthn:extension:minPinLength: true, webauthn:extension:prf: true, webauthn:virtualAuthenticators: true}
Element: [[ChromeDriver: chrome on windows (e7d499a8f8e97217355ed1b75c5598fd)] -&gt; xpath: //button[@aria-label=&apos;Save &amp; Close&apos;]]
Session ID: e7d499a8f8e97217355ed1b75c5598fd
	at java.base/jdk.internal.reflect.NativeConstructorAccessorImpl.newInstance0(Native Method)
	at java.base/jdk.internal.reflect.NativeConstructorAccessorImpl.newInstance(NativeConstructorAccessorImpl.java:62)
	at java.base/jdk.internal.reflect.DelegatingConstructorAccessorImpl.newInstance(DelegatingConstructorAccessorImpl.java:45)
	at java.base/java.lang.reflect.Constructor.newInstance(Constructor.java:490)
	at org.openqa.selenium.remote.codec.w3c.W3CHttpResponseCodec.createException(W3CHttpResponseCodec.java:200)
	at org.openqa.selenium.remote.codec.w3c.W3CHttpResponseCodec.decode(W3CHttpResponseCodec.java:133)
	at org.openqa.selenium.remote.codec.w3c.W3CHttpResponseCodec.decode(W3CHttpResponseCodec.java:52)
	at org.openqa.selenium.remote.HttpCommandExecutor.execute(HttpCommandExecutor.java:191)
	at org.openqa.selenium.remote.service.DriverCommandExecutor.invokeExecute(DriverCommandExecutor.java:200)
	at org.openqa.selenium.remote.service.DriverCommandExecutor.execute(DriverCommandExecutor.java:175)
	at org.openqa.selenium.remote.RemoteWebDriver.execute(RemoteWebDriver.java:607)
	at org.openqa.selenium.remote.RemoteWebElement.execute(RemoteWebElement.java:224)
	at org.openqa.selenium.remote.RemoteWebElement.click(RemoteWebElement.java:77)
	at com.sat.testUtil.ElementUtil.doClick(ElementUtil.java:94)
	at com.sat.Pages.CasecreationPage.workOrderValidation(CasecreationPage.java:636)
	at com.sat.StepDefinitions.GWComplaintStepdefs.fill_the_details_in_Bookings_section(GWComplaintStepdefs.java:81)
	at ✽.fill the details in Bookings section(file:///C:/Users/sriswathianusha.nulu/newworkspace/AutomationFramework-main/src/test/resources/com.sat.Features/GWComplaint.feature:25)
</pre></div></td>
<td>208</td>
<td>com.sat.TestRunner.TestRunner@6f53b8a</td></tr>
</table><p>
</body>
</html>