<?xml version="1.0" encoding="UTF-8"?>
<testng-results ignored="0" total="1" passed="1" failed="0" skipped="0">
  <reporter-output>
  </reporter-output>
  <suite started-at="2024-06-07T09:25:03 GMT" name="Suite" finished-at="2024-06-07T09:33:26 GMT" duration-ms="502331">
    <groups>
      <group name="cucumber">
        <method signature="AbstractTestNGCucumberTests.runScenario(io.cucumber.testng.PickleWrapper,io.cucumber.testng.FeatureWrapper)[pri:0, instance:com.sat.TestRunner.TestRunner@503ecb24]" name="runScenario" class="io.cucumber.testng.AbstractTestNGCucumberTests"/>
      </group> <!-- cucumber -->
    </groups>
    <test started-at="2024-06-07T09:25:03 GMT" name="Test" finished-at="2024-06-07T09:33:26 GMT" duration-ms="502331">
      <class name="com.sat.TestRunner.TestRunner">
        <test-method is-config="true" signature="setUpClass()[pri:0, instance:com.sat.TestRunner.TestRunner@503ecb24]" started-at="2024-06-07T09:25:04 GMT" name="setUpClass" finished-at="2024-06-07T09:25:04 GMT" duration-ms="814" status="PASS">
          <reporter-output>
          </reporter-output>
        </test-method> <!-- setUpClass -->
        <test-method signature="runScenario(io.cucumber.testng.PickleWrapper,io.cucumber.testng.FeatureWrapper)[pri:0, instance:com.sat.TestRunner.TestRunner@503ecb24]" started-at="2024-06-07T09:25:04 GMT" name="runScenario" description="Runs Cucumber Scenarios" data-provider="scenarios" finished-at="2024-06-07T09:33:21 GMT" duration-ms="496543" status="PASS">
          <params>
            <param index="0">
              <value>
                <![CDATA["Generating a permit by rework on the case after SO reject the Non-Compliance case"]]>
              </value>
            </param>
            <param index="1">
              <value>
                <![CDATA["Optional[Testing Non-Compalince end to end flow]"]]>
              </value>
            </param>
          </params>
          <reporter-output>
          </reporter-output>
        </test-method> <!-- runScenario -->
        <test-method is-config="true" signature="tearDownClass()[pri:0, instance:com.sat.TestRunner.TestRunner@503ecb24]" started-at="2024-06-07T09:33:21 GMT" name="tearDownClass" finished-at="2024-06-07T09:33:26 GMT" duration-ms="4898" status="PASS">
          <reporter-output>
          </reporter-output>
        </test-method> <!-- tearDownClass -->
      </class> <!-- com.sat.TestRunner.TestRunner -->
    </test> <!-- Test -->
  </suite> <!-- Suite -->
</testng-results>
