<?xml version="1.0" encoding="UTF-8"?>
<testng-results ignored="0" total="1" passed="1" failed="0" skipped="0">
  <reporter-output>
  </reporter-output>
  <suite started-at="2024-02-29T05:13:12 GMT" name="Suite" finished-at="2024-02-29T05:20:09 GMT" duration-ms="416636">
    <groups>
      <group name="cucumber">
        <method signature="AbstractTestNGCucumberTests.runScenario(io.cucumber.testng.PickleWrapper,io.cucumber.testng.FeatureWrapper)[pri:0, instance:com.sat.TestRunner.TestRunner@72035809]" name="runScenario" class="io.cucumber.testng.AbstractTestNGCucumberTests"/>
      </group> <!-- cucumber -->
    </groups>
    <test started-at="2024-02-29T05:13:12 GMT" name="Test" finished-at="2024-02-29T05:20:09 GMT" duration-ms="416636">
      <class name="com.sat.TestRunner.TestRunner">
        <test-method is-config="true" signature="setUpClass()[pri:0, instance:com.sat.TestRunner.TestRunner@72035809]" started-at="2024-02-29T05:13:12 GMT" name="setUpClass" finished-at="2024-02-29T05:13:13 GMT" duration-ms="1123" status="PASS">
          <reporter-output>
          </reporter-output>
        </test-method> <!-- setUpClass -->
        <test-method signature="runScenario(io.cucumber.testng.PickleWrapper,io.cucumber.testng.FeatureWrapper)[pri:0, instance:com.sat.TestRunner.TestRunner@72035809]" started-at="2024-02-29T05:13:13 GMT" name="runScenario" description="Runs Cucumber Scenarios" data-provider="scenarios" finished-at="2024-02-29T05:20:03 GMT" duration-ms="409435" status="PASS">
          <params>
            <param index="0">
              <value>
                <![CDATA["Test to create NEA list record"]]>
              </value>
            </param>
            <param index="1">
              <value>
                <![CDATA["Optional[Testing Login Functionality]"]]>
              </value>
            </param>
          </params>
          <reporter-output>
          </reporter-output>
        </test-method> <!-- runScenario -->
        <test-method is-config="true" signature="tearDownClass()[pri:0, instance:com.sat.TestRunner.TestRunner@72035809]" started-at="2024-02-29T05:20:03 GMT" name="tearDownClass" finished-at="2024-02-29T05:20:09 GMT" duration-ms="6008" status="PASS">
          <reporter-output>
          </reporter-output>
        </test-method> <!-- tearDownClass -->
      </class> <!-- com.sat.TestRunner.TestRunner -->
    </test> <!-- Test -->
  </suite> <!-- Suite -->
</testng-results>
