<?xml version="1.0" encoding="UTF-8"?>
<testng-results ignored="0" total="1" passed="0" failed="1" skipped="0">
  <reporter-output>
  </reporter-output>
  <suite started-at="2024-03-04T12:29:56 GMT" name="Default suite" finished-at="2024-03-04T12:33:31 GMT" duration-ms="214818">
    <groups>
      <group name="cucumber">
        <method signature="AbstractTestNGCucumberTests.runScenario(io.cucumber.testng.PickleWrapper,io.cucumber.testng.FeatureWrapper)[pri:0, instance:com.sat.TestRunner.TestRunner@6f53b8a]" name="runScenario" class="io.cucumber.testng.AbstractTestNGCucumberTests"/>
      </group> <!-- cucumber -->
    </groups>
    <test started-at="2024-03-04T12:29:56 GMT" name="Default test" finished-at="2024-03-04T12:33:31 GMT" duration-ms="214818">
      <class name="com.sat.TestRunner.TestRunner">
        <test-method is-config="true" signature="setUpClass()[pri:0, instance:com.sat.TestRunner.TestRunner@6f53b8a]" started-at="2024-03-04T12:29:56 GMT" name="setUpClass" finished-at="2024-03-04T12:29:57 GMT" duration-ms="1128" status="PASS">
          <reporter-output>
          </reporter-output>
        </test-method> <!-- setUpClass -->
        <test-method signature="runScenario(io.cucumber.testng.PickleWrapper,io.cucumber.testng.FeatureWrapper)[pri:0, instance:com.sat.TestRunner.TestRunner@6f53b8a]" started-at="2024-03-04T12:29:57 GMT" name="runScenario" description="Runs Cucumber Scenarios" data-provider="scenarios" finished-at="2024-03-04T12:33:26 GMT" duration-ms="208973" status="FAIL">
          <params>
            <param index="0">
              <value>
                <![CDATA["Test to create NEA list record"]]>
              </value>
            </param>
            <param index="1">
              <value>
                <![CDATA["Optional[Testing Login Functionality]"]]>
              </value>
            </param>
          </params>
          <exception class="org.openqa.selenium.ElementClickInterceptedException">
            <message>
              <![CDATA[element click intercepted: Element <button id="msdyn_workorder|NoRelationship|Form|Mscrm.SaveAndClosePrimary116-button" aria-label="Save &amp; Close" aria-describedby="id-8647" role="menuitem" title="Save &amp; Close

Save and close this Work Order." tabindex="-1" data-id="msdyn_workorder|NoRelationship|Form|Mscrm.Form.msdyn_workorder.SaveAndClose" data-lp-id="Form:msdyn_workorder-msdyn_workorder|NoRelationship|Form|Mscrm.Form.msdyn_workorder.SaveAndClose" type="button" class="pa-aw pa-ie pa-if pa-hy pa-cp pa-bo pa-il pa-p pa-iq pa-ir flexbox">...</button> is not clickable at point (424, 68). Other element would receive the click: <img src="https://content.powerapps.com/resource/uci-infra/resources/images/PageBlock.a0c742e10064ee8c30d58c111947f54f.svg" alt="Deactivate" title="Deactivate" class="pa-im pa-cy pa-ds pa-cz pa-is ">
  (Session info: chrome=122.0.6261.95)
Build info: version: '4.15.0', revision: '1d14b5521b'
System info: os.name: 'Windows Server 2022', os.arch: 'amd64', os.version: '10.0', java.version: '11.0.20'
Driver info: org.openqa.selenium.chrome.ChromeDriver
Command: [e7d499a8f8e97217355ed1b75c5598fd, clickElement {id=f.1CAB82C78B22548EF79B71A1D9A17845.d.F8F5C1B20A3B8935545A6A2AF4AE8E12.e.2988}]
Capabilities {acceptInsecureCerts: false, browserName: chrome, browserVersion: 122.0.6261.95, chrome: {chromedriverVersion: 122.0.6261.94 (880dbf29479c..., userDataDir: C:\Users\SRISWA~1.NUL\AppDa...}, fedcm:accounts: true, goog:chromeOptions: {debuggerAddress: localhost:53260}, networkConnectionEnabled: false, pageLoadStrategy: normal, platformName: windows, proxy: Proxy(), se:cdp: ws://localhost:53260/devtoo..., se:cdpVersion: 122.0.6261.95, setWindowRect: true, strictFileInteractability: false, timeouts: {implicit: 0, pageLoad: 300000, script: 30000}, unhandledPromptBehavior: dismiss and notify, webauthn:extension:credBlob: true, webauthn:extension:largeBlob: true, webauthn:extension:minPinLength: true, webauthn:extension:prf: true, webauthn:virtualAuthenticators: true}
Element: [[ChromeDriver: chrome on windows (e7d499a8f8e97217355ed1b75c5598fd)] -> xpath: //button[@aria-label='Save & Close']]
Session ID: e7d499a8f8e97217355ed1b75c5598fd]]>
            </message>
            <full-stacktrace>
                <![CDATA[org.openqa.selenium.ElementClickInterceptedException: element click intercepted: Element <button id="msdyn_workorder|NoRelationship|Form|Mscrm.SaveAndClosePrimary116-button" aria-label="Save &amp; Close" aria-describedby="id-8647" role="menuitem" title="Save &amp; Close

Save and close this Work Order." tabindex="-1" data-id="msdyn_workorder|NoRelationship|Form|Mscrm.Form.msdyn_workorder.SaveAndClose" data-lp-id="Form:msdyn_workorder-msdyn_workorder|NoRelationship|Form|Mscrm.Form.msdyn_workorder.SaveAndClose" type="button" class="pa-aw pa-ie pa-if pa-hy pa-cp pa-bo pa-il pa-p pa-iq pa-ir flexbox">...</button> is not clickable at point (424, 68). Other element would receive the click: <img src="https://content.powerapps.com/resource/uci-infra/resources/images/PageBlock.a0c742e10064ee8c30d58c111947f54f.svg" alt="Deactivate" title="Deactivate" class="pa-im pa-cy pa-ds pa-cz pa-is ">
  (Session info: chrome=122.0.6261.95)
Build info: version: '4.15.0', revision: '1d14b5521b'
System info: os.name: 'Windows Server 2022', os.arch: 'amd64', os.version: '10.0', java.version: '11.0.20'
Driver info: org.openqa.selenium.chrome.ChromeDriver
Command: [e7d499a8f8e97217355ed1b75c5598fd, clickElement {id=f.1CAB82C78B22548EF79B71A1D9A17845.d.F8F5C1B20A3B8935545A6A2AF4AE8E12.e.2988}]
Capabilities {acceptInsecureCerts: false, browserName: chrome, browserVersion: 122.0.6261.95, chrome: {chromedriverVersion: 122.0.6261.94 (880dbf29479c..., userDataDir: C:\Users\SRISWA~1.NUL\AppDa...}, fedcm:accounts: true, goog:chromeOptions: {debuggerAddress: localhost:53260}, networkConnectionEnabled: false, pageLoadStrategy: normal, platformName: windows, proxy: Proxy(), se:cdp: ws://localhost:53260/devtoo..., se:cdpVersion: 122.0.6261.95, setWindowRect: true, strictFileInteractability: false, timeouts: {implicit: 0, pageLoad: 300000, script: 30000}, unhandledPromptBehavior: dismiss and notify, webauthn:extension:credBlob: true, webauthn:extension:largeBlob: true, webauthn:extension:minPinLength: true, webauthn:extension:prf: true, webauthn:virtualAuthenticators: true}
Element: [[ChromeDriver: chrome on windows (e7d499a8f8e97217355ed1b75c5598fd)] -> xpath: //button[@aria-label='Save & Close']]
Session ID: e7d499a8f8e97217355ed1b75c5598fd
at java.base/jdk.internal.reflect.NativeConstructorAccessorImpl.newInstance0(Native Method)
at java.base/jdk.internal.reflect.NativeConstructorAccessorImpl.newInstance(NativeConstructorAccessorImpl.java:62)
at java.base/jdk.internal.reflect.DelegatingConstructorAccessorImpl.newInstance(DelegatingConstructorAccessorImpl.java:45)
at java.base/java.lang.reflect.Constructor.newInstance(Constructor.java:490)
at org.openqa.selenium.remote.codec.w3c.W3CHttpResponseCodec.createException(W3CHttpResponseCodec.java:200)
at org.openqa.selenium.remote.codec.w3c.W3CHttpResponseCodec.decode(W3CHttpResponseCodec.java:133)
at org.openqa.selenium.remote.codec.w3c.W3CHttpResponseCodec.decode(W3CHttpResponseCodec.java:52)
at org.openqa.selenium.remote.HttpCommandExecutor.execute(HttpCommandExecutor.java:191)
at org.openqa.selenium.remote.service.DriverCommandExecutor.invokeExecute(DriverCommandExecutor.java:200)
at org.openqa.selenium.remote.service.DriverCommandExecutor.execute(DriverCommandExecutor.java:175)
at org.openqa.selenium.remote.RemoteWebDriver.execute(RemoteWebDriver.java:607)
at org.openqa.selenium.remote.RemoteWebElement.execute(RemoteWebElement.java:224)
at org.openqa.selenium.remote.RemoteWebElement.click(RemoteWebElement.java:77)
at com.sat.testUtil.ElementUtil.doClick(ElementUtil.java:94)
at com.sat.Pages.caseCreationPage.workOrderValidation(CasecreationPage.java:636)
at com.sat.StepDefinitions.GWComplaintStepdefs.fill_the_details_in_Bookings_section(GWComplaintStepdefs.java:81)
at ✽.fill the details in Bookings section(file:///C:/Users/sriswathianusha.nulu/newworkspace/AutomationFramework-main/src/test/resources/com.sat.Features/GWComplaint.feature:25)
]]>
            </full-stacktrace>
          </exception> <!-- org.openqa.selenium.ElementClickInterceptedException -->
          <reporter-output>
          </reporter-output>
        </test-method> <!-- runScenario -->
        <test-method is-config="true" signature="tearDownClass()[pri:0, instance:com.sat.TestRunner.TestRunner@6f53b8a]" started-at="2024-03-04T12:33:26 GMT" name="tearDownClass" finished-at="2024-03-04T12:33:31 GMT" duration-ms="4641" status="PASS">
          <reporter-output>
          </reporter-output>
        </test-method> <!-- tearDownClass -->
      </class> <!-- com.sat.TestRunner.TestRunner -->
    </test> <!-- Default test -->
  </suite> <!-- Default suite -->
</testng-results>
